


This is TiOS, uCore with SMP support
Shichao Yue


memory management: default_pmm_manager
check_alloc_page() succeeded!
check_pgdir() succeeded!
check_boot_pgdir() succeeded!
use SLOB allocator
kmalloc_init() succeeded!
============================
There are 1 cpu
============================
============================
SMP Coming Soon
============================
check_vma_struct() succeeded!
page fault
page fault at 0x00000100: K/W [no page found].
check_pgfault() succeeded!
check_vmm() succeeded.
sched class: stride_scheduler
ide 0:      10000(sectors), 'QEMU HARDDISK'.
ide 1:     262144(sectors), 'QEMU HARDDISK'.
ide 2:     262144(sectors), 'QEMU HARDDISK'.
SWAP: manager = fifo swap manager
sfs: mount: 'simple file system' (262/32506/32768)
vfs: mount disk0.
startothers
============================
SMP Coming!!!!!!, 0xc0346008
============================
init proc: 2
================cpu0: starting=================
I am No.4 philosopher_condvar
Iter 1, No.4 philosopher_condvar is thinking
I am No.3 philosopher_condvar
Iter 1, No.3 philosopher_condvar is thinking
I am No.2 philosopher_condvar
Iter 1, No.2 philosopher_condvar is thinking
I am No.1 philosopher_condvar
Iter 1, No.1 philosopher_condvar is thinking
I am No.0 philosopher_condvar
Iter 1, No.0 philosopher_condvar is thinking
I am No.4 philosopher_sema
Iter 1, No.4 philosopher_sema is thinking
I am No.3 philosopher_sema
Iter 1, No.3 philosopher_sema is thinking
I am No.2 philosopher_sema
Iter 1, No.2 philosopher_sema is thinking
I am No.1 philosopher_sema
Iter 1, No.1 philosopher_sema is thinking
I am No.0 philosopher_sema
Iter 1, No.0 philosopher_sema is thinking
kernel_execve: pid = 3, name = "faultreadkernel".

This is run on CPU: #0
page fault
not valid addr fac00000, and can not find it in vma
trapframe at 0xc0354fb4
  edi  0x00000000
  esi  0x00000000
  ebp  0xafffff70
  oesp 0xc0354fd4
  ebx  0x00000001
  edx  0x008018f4
  ecx  0x00000001
  eax  0xfac00000
  ds   0x----0023
  es   0x----0023
  fs   0x----0000
  gs   0x----0000
  trap 0x0000000e Page Fault
  err  0x00000005
  eip  0x008017d9
  cs   0x----001b
  flag 0x00000286 PF,SF,IF,IOPL=0
  esp  0xafffff60
  ss   0x----0023
killed by kernel.
kernel panic at kern/trap/trap.c:198:
    handle user mode pgfault failed. ret=-3

Welcome to the kernel debug monitor!!
Type 'help' for a list of commands.
K> 